<?xml version="1.0" encoding="UTF-8"?>
<testng-results ignored="0" total="1" passed="1" failed="0" skipped="0">
  <reporter-output>
  </reporter-output>
  <suite started-at="2024-08-11T23:47:02 EDT" name="Default suite" finished-at="2024-08-11T23:47:04 EDT" duration-ms="2069">
    <groups>
    </groups>
    <test started-at="2024-08-11T23:47:02 EDT" name="Default test" finished-at="2024-08-11T23:47:04 EDT" duration-ms="2069">
      <class name="tests.LoginPageTest">
        <test-method is-config="true" signature="setUp()[pri:0, instance:tests.LoginPageTest@5e8ac0e1]" started-at="2024-08-11T23:46:58 EDT" name="setUp" finished-at="2024-08-11T23:47:02 EDT" duration-ms="3632" status="PASS">
          <reporter-output>
          </reporter-output>
        </test-method> <!-- setUp -->
        <test-method signature="loginTest()[pri:0, instance:tests.LoginPageTest@5e8ac0e1]" started-at="2024-08-11T23:47:02 EDT" name="loginTest" finished-at="2024-08-11T23:47:04 EDT" duration-ms="2039" status="PASS">
          <reporter-output>
          </reporter-output>
        </test-method> <!-- loginTest -->
        <test-method is-config="true" signature="tearDown()[pri:0, instance:tests.LoginPageTest@5e8ac0e1]" started-at="2024-08-11T23:47:04 EDT" name="tearDown" finished-at="2024-08-11T23:47:04 EDT" duration-ms="498" status="PASS">
          <reporter-output>
          </reporter-output>
        </test-method> <!-- tearDown -->
      </class> <!-- tests.LoginPageTest -->
    </test> <!-- Default test -->
  </suite> <!-- Default suite -->
</testng-results>
